Jun 02, 2019 8:04:13 PM com.bellis.oshi.ApplicationCore main
INFO: Initializing SystemInfo
Jun 02, 2019 8:04:13 PM com.bellis.oshi.ApplicationCore main
INFO: Checking local system
Jun 02, 2019 8:04:13 PM com.bellis.oshi.ApplicationCore printComputerSystem
INFO: Manufacturer: Apple Inc.
Jun 02, 2019 8:04:13 PM com.bellis.oshi.ApplicationCore printComputerSystem
INFO: model: MacBook Pro (MacBookPro13,3)
Jun 02, 2019 8:04:13 PM com.bellis.oshi.ApplicationCore printComputerSystem
INFO: serialnumber: C02TD0LSH03Y
Jun 02, 2019 8:04:14 PM com.bellis.oshi.ApplicationCore sendSensorInfo
INFO: Sending metrics
Jun 02, 2019 8:04:15 PM com.bellis.oshi.ApplicationCore sendSensorInfo
INFO: Sending metrics
Jun 02, 2019 8:04:16 PM com.bellis.oshi.ApplicationCore sendSensorInfo
INFO: Sending metrics
Jun 02, 2019 8:04:17 PM com.bellis.oshi.ApplicationCore sendSensorInfo
INFO: Sending metrics
Jun 02, 2019 8:04:18 PM com.bellis.oshi.ApplicationCore sendSensorInfo
INFO: Sending metrics
Jun 02, 2019 8:04:19 PM com.bellis.oshi.ApplicationCore sendSensorInfo
INFO: Sending metrics
Jun 02, 2019 8:04:21 PM com.bellis.oshi.ApplicationCore sendSensorInfo
INFO: Sending metrics
Jun 02, 2019 8:04:22 PM com.bellis.oshi.ApplicationCore sendSensorInfo
INFO: Sending metrics
Jun 02, 2019 8:04:23 PM com.bellis.oshi.ApplicationCore sendSensorInfo
INFO: Sending metrics
Jun 02, 2019 8:04:24 PM com.bellis.oshi.ApplicationCore sendSensorInfo
INFO: Sending metrics
Jun 02, 2019 8:04:25 PM com.bellis.oshi.ApplicationCore sendSensorInfo
INFO: Sending metrics
Jun 02, 2019 8:04:26 PM com.bellis.oshi.ApplicationCore sendSensorInfo
INFO: Sending metrics
Jun 02, 2019 8:04:27 PM com.bellis.oshi.ApplicationCore sendSensorInfo
INFO: Sending metrics
Jun 02, 2019 8:04:28 PM com.bellis.oshi.ApplicationCore sendSensorInfo
INFO: Sending metrics
Jun 02, 2019 8:04:29 PM com.bellis.oshi.ApplicationCore sendSensorInfo
INFO: Sending metrics
Jun 02, 2019 8:04:30 PM com.bellis.oshi.ApplicationCore sendSensorInfo
INFO: Sending metrics
Jun 02, 2019 8:04:31 PM com.bellis.oshi.ApplicationCore sendSensorInfo
INFO: Sending metrics
Jun 02, 2019 8:04:32 PM com.bellis.oshi.ApplicationCore sendSensorInfo
INFO: Sending metrics
Jun 02, 2019 8:04:33 PM com.bellis.oshi.ApplicationCore sendSensorInfo
INFO: Sending metrics
Jun 02, 2019 8:04:34 PM com.bellis.oshi.ApplicationCore sendSensorInfo
INFO: Sending metrics
Jun 02, 2019 8:04:35 PM com.bellis.oshi.ApplicationCore sendSensorInfo
INFO: Sending metrics
Jun 02, 2019 8:04:36 PM com.bellis.oshi.ApplicationCore sendSensorInfo
INFO: Sending metrics
Jun 02, 2019 8:04:37 PM com.bellis.oshi.ApplicationCore sendSensorInfo
INFO: Sending metrics
Jun 02, 2019 8:04:38 PM com.bellis.oshi.ApplicationCore sendSensorInfo
INFO: Sending metrics
Jun 02, 2019 8:04:39 PM com.bellis.oshi.ApplicationCore sendSensorInfo
INFO: Sending metrics
Jun 02, 2019 8:04:40 PM com.bellis.oshi.ApplicationCore sendSensorInfo
INFO: Sending metrics
Jun 02, 2019 8:04:41 PM com.bellis.oshi.ApplicationCore sendSensorInfo
INFO: Sending metrics
Jun 02, 2019 8:04:42 PM com.bellis.oshi.ApplicationCore sendSensorInfo
INFO: Sending metrics
Jun 02, 2019 8:04:43 PM com.bellis.oshi.ApplicationCore sendSensorInfo
INFO: Sending metrics
Jun 02, 2019 8:04:44 PM com.bellis.oshi.ApplicationCore sendSensorInfo
INFO: Sending metrics
Jun 02, 2019 8:04:45 PM com.bellis.oshi.ApplicationCore sendSensorInfo
INFO: Sending metrics
Jun 02, 2019 8:04:47 PM com.bellis.oshi.ApplicationCore sendSensorInfo
INFO: Sending metrics
Jun 02, 2019 8:04:48 PM com.bellis.oshi.ApplicationCore sendSensorInfo
INFO: Sending metrics
Jun 02, 2019 8:04:49 PM com.bellis.oshi.ApplicationCore sendSensorInfo
INFO: Sending metrics
Jun 02, 2019 8:04:50 PM com.bellis.oshi.ApplicationCore sendSensorInfo
INFO: Sending metrics
Jun 02, 2019 8:04:51 PM com.bellis.oshi.ApplicationCore sendSensorInfo
INFO: Sending metrics
Jun 02, 2019 8:04:52 PM com.bellis.oshi.ApplicationCore sendSensorInfo
INFO: Sending metrics
Jun 02, 2019 8:04:53 PM com.bellis.oshi.ApplicationCore sendSensorInfo
INFO: Sending metrics
Jun 02, 2019 8:04:54 PM com.bellis.oshi.ApplicationCore sendSensorInfo
INFO: Sending metrics
Jun 02, 2019 8:04:55 PM com.bellis.oshi.ApplicationCore sendSensorInfo
INFO: Sending metrics
Jun 02, 2019 8:04:56 PM com.bellis.oshi.ApplicationCore sendSensorInfo
INFO: Sending metrics
Jun 02, 2019 8:04:57 PM com.bellis.oshi.ApplicationCore sendSensorInfo
INFO: Sending metrics
Jun 02, 2019 8:04:58 PM com.bellis.oshi.ApplicationCore sendSensorInfo
INFO: Sending metrics
Jun 02, 2019 8:04:59 PM com.bellis.oshi.ApplicationCore sendSensorInfo
INFO: Sending metrics
Jun 02, 2019 8:05:00 PM com.bellis.oshi.ApplicationCore sendSensorInfo
INFO: Sending metrics
Jun 02, 2019 8:05:01 PM com.bellis.oshi.ApplicationCore sendSensorInfo
INFO: Sending metrics
Jun 02, 2019 8:05:02 PM com.bellis.oshi.ApplicationCore sendSensorInfo
INFO: Sending metrics
Jun 02, 2019 8:05:03 PM com.bellis.oshi.ApplicationCore sendSensorInfo
INFO: Sending metrics
Jun 02, 2019 8:05:04 PM com.bellis.oshi.ApplicationCore sendSensorInfo
INFO: Sending metrics
Jun 02, 2019 8:05:05 PM com.bellis.oshi.ApplicationCore sendSensorInfo
INFO: Sending metrics
Jun 02, 2019 8:05:06 PM com.bellis.oshi.ApplicationCore sendSensorInfo
INFO: Sending metrics
Jun 02, 2019 8:05:07 PM com.bellis.oshi.ApplicationCore sendSensorInfo
INFO: Sending metrics
Jun 02, 2019 8:05:08 PM com.bellis.oshi.ApplicationCore sendSensorInfo
INFO: Sending metrics
Jun 02, 2019 8:05:09 PM com.bellis.oshi.ApplicationCore sendSensorInfo
INFO: Sending metrics
Jun 02, 2019 8:05:10 PM com.bellis.oshi.ApplicationCore sendSensorInfo
INFO: Sending metrics
Jun 02, 2019 8:05:11 PM com.bellis.oshi.ApplicationCore sendSensorInfo
INFO: Sending metrics
Jun 02, 2019 8:05:13 PM com.bellis.oshi.ApplicationCore sendSensorInfo
INFO: Sending metrics
Jun 02, 2019 8:05:15 PM com.bellis.oshi.ApplicationCore sendSensorInfo
INFO: Sending metrics
Jun 02, 2019 8:05:16 PM com.bellis.oshi.ApplicationCore sendSensorInfo
INFO: Sending metrics
Jun 02, 2019 8:05:18 PM com.bellis.oshi.ApplicationCore sendSensorInfo
INFO: Sending metrics
Jun 02, 2019 8:05:20 PM com.bellis.oshi.ApplicationCore sendSensorInfo
INFO: Sending metrics
Jun 02, 2019 8:05:21 PM com.bellis.oshi.ApplicationCore sendSensorInfo
INFO: Sending metrics
Jun 02, 2019 8:05:23 PM com.bellis.oshi.ApplicationCore sendSensorInfo
INFO: Sending metrics
Jun 02, 2019 8:05:25 PM com.bellis.oshi.ApplicationCore sendSensorInfo
INFO: Sending metrics
